<?xml version="1.0" encoding="UTF-8"?>
<!-- Generated by org.testng.reporters.JUnitXMLReporter -->
<testsuite ignored="36" hostname="Jitendras-MacBook-Air.local" failures="1" tests="1" name="Regression" time="19.879" errors="0" timestamp="2022-10-02T15:52:21 EDT">
  <testcase classname="com.firebase.test.tests.AutomationScripts" name="TestID_37blocking_An_Event_With_Weekly" time="16.549">
    <failure type="org.openqa.selenium.support.ui.UnexpectedTagNameException" message="Element should have been &amp;quot;select&amp;quot; but was &amp;quot;input&amp;quot;
Build info: version: &amp;apos;4.4.0&amp;apos;, revision: &amp;apos;e5c75ed026a&amp;apos;
System info: host: &amp;apos;Jitendras-MacBook-Air.local&amp;apos;, ip: &amp;apos;2601:84:8801:82c0:edd8:2eb7:4c83:819d%en0&amp;apos;, os.name: &amp;apos;Mac OS X&amp;apos;, os.arch: &amp;apos;aarch64&amp;apos;, os.version: &amp;apos;12.0.1&amp;apos;, java.version: &amp;apos;17.0.4&amp;apos;
Driver info: driver.version: unknown">
      <![CDATA[org.openqa.selenium.support.ui.UnexpectedTagNameException: Element should have been "select" but was "input"
Build info: version: '4.4.0', revision: 'e5c75ed026a'
System info: host: 'Jitendras-MacBook-Air.local', ip: '2601:84:8801:82c0:edd8:2eb7:4c83:819d%en0', os.name: 'Mac OS X', os.arch: 'aarch64', os.version: '12.0.1', java.version: '17.0.4'
Driver info: driver.version: unknown
at org.openqa.selenium.support.ui.Select.<init>(Select.java:49)
at com.firebase.test.base.BaseTest.selectByVisibleText(BaseTest.java:305)
at com.firebase.test.tests.AutomationScripts.TestID_37blocking_An_Event_With_Weekly(AutomationScripts.java:858)
at java.base/java.util.ArrayList.forEach(ArrayList.java:1511)
... Removed 27 stack frames]]>
    </failure>
  </testcase> <!-- TestID_37blocking_An_Event_With_Weekly -->
  <testcase classname="com.firebase.test.tests.AutomationScripts" name="TestID_24new_Button_On_Lead" time="0.0">
    <ignored/>
  </testcase> <!-- TestID_24new_Button_On_Lead -->
  <testcase classname="com.firebase.test.tests.AutomationScripts" name="TestID_19Test_quarterly_Summary_Report" time="0.0">
    <ignored/>
  </testcase> <!-- TestID_19Test_quarterly_Summary_Report -->
  <testcase classname="com.firebase.test.tests.AutomationScripts" name="TestID_18Test_Stuck_Opportunity_Report" time="0.0">
    <ignored/>
  </testcase> <!-- TestID_18Test_Stuck_Opportunity_Report -->
  <testcase classname="com.firebase.test.tests.AutomationScripts" name="TestID_20leads_Tab" time="0.0">
    <ignored/>
  </testcase> <!-- TestID_20leads_Tab -->
  <testcase classname="com.firebase.test.tests.AutomationScripts" name="TestID_21leads_Select_View" time="0.0">
    <ignored/>
  </testcase> <!-- TestID_21leads_Select_View -->
  <testcase classname="com.firebase.test.tests.AutomationScripts" name="TestID_12Editview" time="0.0">
    <ignored/>
  </testcase> <!-- TestID_12Editview -->
  <testcase classname="com.firebase.test.tests.AutomationScripts" name="TestID_7MySettingFromUsermenudropdown" time="0.0">
    <ignored/>
  </testcase> <!-- TestID_7MySettingFromUsermenudropdown -->
  <testcase classname="com.firebase.test.tests.AutomationScripts" name="TestID_36blocking_An_Event" time="0.0">
    <ignored/>
  </testcase> <!-- TestID_36blocking_An_Event -->
  <testcase classname="com.firebase.test.tests.AutomationScripts" name="TestID_4BForgotPassword" time="0.0">
    <ignored/>
  </testcase> <!-- TestID_4BForgotPassword -->
  <testcase classname="com.firebase.test.tests.AutomationScripts" name="TestID_13MergeAccounts" time="0.0">
    <ignored/>
  </testcase> <!-- TestID_13MergeAccounts -->
  <testcase classname="com.firebase.test.tests.AutomationScripts" name="TestID_23Todays_Leads" time="0.0">
    <ignored/>
  </testcase> <!-- TestID_23Todays_Leads -->
  <testcase classname="com.firebase.test.tests.AutomationScripts" name="TestID_6MyProfileFromUsermenudropdown" time="0.0">
    <ignored/>
  </testcase> <!-- TestID_6MyProfileFromUsermenudropdown -->
  <testcase classname="com.firebase.test.tests.AutomationScripts" name="TestID_14CreateAccountReport" time="0.0">
    <ignored/>
  </testcase> <!-- TestID_14CreateAccountReport -->
  <testcase classname="com.firebase.test.tests.AutomationScripts" name="TestID_9LogoutFromUsermenudropdown" time="0.0">
    <ignored/>
  </testcase> <!-- TestID_9LogoutFromUsermenudropdown -->
  <testcase classname="com.firebase.test.tests.AutomationScripts" name="TestID_22default_View" time="0.0">
    <ignored/>
  </testcase> <!-- TestID_22default_View -->
  <testcase classname="com.firebase.test.tests.AutomationScripts" name="TestID_33Check_SaveandNew_button" time="0.0">
    <ignored/>
  </testcase> <!-- TestID_33Check_SaveandNew_button -->
  <testcase classname="com.firebase.test.tests.AutomationScripts" name="TestID_26Create_new_View_contact" time="0.0">
    <ignored/>
  </testcase> <!-- TestID_26Create_new_View_contact -->
  <testcase classname="com.firebase.test.tests.AutomationScripts" name="TestID_11Createnewview" time="0.0">
    <ignored/>
  </testcase> <!-- TestID_11Createnewview -->
  <testcase classname="com.firebase.test.tests.AutomationScripts" name="TestID_25Create_new_contact" time="0.0">
    <ignored/>
  </testcase> <!-- TestID_25Create_new_contact -->
  <testcase classname="com.firebase.test.tests.AutomationScripts" name="TestID_17Test_Opportunity_Pipeline_Report" time="0.0">
    <ignored/>
  </testcase> <!-- TestID_17Test_Opportunity_Pipeline_Report -->
  <testcase classname="com.firebase.test.tests.AutomationScripts" name="TestID_5Usermenudropdown" time="0.0">
    <ignored/>
  </testcase> <!-- TestID_5Usermenudropdown -->
  <testcase classname="com.firebase.test.tests.AutomationScripts" name="TestID_16createanewOpty" time="0.0">
    <ignored/>
  </testcase> <!-- TestID_16createanewOpty -->
  <testcase classname="com.firebase.test.tests.AutomationScripts" name="TestID_10CreateAccount" time="0.0">
    <ignored/>
  </testcase> <!-- TestID_10CreateAccount -->
  <testcase classname="com.firebase.test.tests.AutomationScripts" name="TestID_28Check_My_contact_view" time="0.0">
    <ignored/>
  </testcase> <!-- TestID_28Check_My_contact_view -->
  <testcase classname="com.firebase.test.tests.AutomationScripts" name="TestID_29View_Contact_contact_Page" time="0.0">
    <ignored/>
  </testcase> <!-- TestID_29View_Contact_contact_Page -->
  <testcase classname="com.firebase.test.tests.AutomationScripts" name="TestID_4AForgotPassword" time="0.0">
    <ignored/>
  </testcase> <!-- TestID_4AForgotPassword -->
  <testcase classname="com.firebase.test.tests.AutomationScripts" name="TestID_34verify_Edited_Lastname" time="0.0">
    <ignored/>
  </testcase> <!-- TestID_34verify_Edited_Lastname -->
  <testcase classname="com.firebase.test.tests.AutomationScripts" name="TestID_1LoginErrorMessage" time="0.0">
    <ignored/>
  </testcase> <!-- TestID_1LoginErrorMessage -->
  <testcase classname="com.firebase.test.tests.AutomationScripts" name="TestID_3CheckRemeberMe" time="0.0">
    <ignored/>
  </testcase> <!-- TestID_3CheckRemeberMe -->
  <testcase classname="com.firebase.test.tests.AutomationScripts" name="TestID_15opportunitiesDropdown" time="0.0">
    <ignored/>
  </testcase> <!-- TestID_15opportunitiesDropdown -->
  <testcase classname="com.firebase.test.tests.AutomationScripts" name="TestID_27Check_contact_Page" time="0.0">
    <ignored/>
  </testcase> <!-- TestID_27Check_contact_Page -->
  <testcase classname="com.firebase.test.tests.AutomationScripts" name="TestID_35verify_Tab_Customization" time="0.0">
    <ignored/>
  </testcase> <!-- TestID_35verify_Tab_Customization -->
  <testcase classname="com.firebase.test.tests.AutomationScripts" name="TestID_8DeveloperConsoleFromUsermenudropdown" time="0.0">
    <ignored/>
  </testcase> <!-- TestID_8DeveloperConsoleFromUsermenudropdown -->
  <testcase classname="com.firebase.test.tests.AutomationScripts" name="TestID_2LoginToSalesForce" time="0.0">
    <ignored/>
  </testcase> <!-- TestID_2LoginToSalesForce -->
  <testcase classname="com.firebase.test.tests.AutomationScripts" name="TestID_30Check_error" time="0.0">
    <ignored/>
  </testcase> <!-- TestID_30Check_error -->
  <testcase classname="com.firebase.test.tests.AutomationScripts" name="TestID_31Check_Cancel" time="0.0">
    <ignored/>
  </testcase> <!-- TestID_31Check_Cancel -->
</testsuite> <!-- Regression -->
